1499088744733	geckodriver	INFO	Listening on 127.0.0.1:54357
1499088746776	geckodriver::marionette	INFO	Starting browser C:\Program Files (x86)\Mozilla Firefox\firefox.exe with args ["-marionette"]
1499088749409	Marionette	INFO	Listening on port 54369
1499088749941	Marionette	WARN	TLS certificate errors will be ignored for this session
1499088821136	addons.productaddons	WARN	Failed downloading X1499088822779	geckodriver::mar1499088833182	addons.productaddons	WARN	Failed downloading via XHR, status: 0, reason: error
1499088845213	addons.productaddons	WARN	Failed downloading via XHR, status: 0, reason: error
1499089362355	Marionette	INFO	Ceased listening
his session
1499088865822	Marionette	INFO	Ceased listening
1499088872396	geckodriver	INFO	Listening on 127.0.0.1:54545
1499088874434	geckodriver::marionette	INFO	Starting browser C:\Program Files (x86)\Mozilla Firefox\firefox.exe with args ["-marionette"]
1499088876705	Marionette	INFO	Listening on port 54557
1499088877569	Marionette	WARN	TLS certificate errors will be ignored for this session
1499089360688	Marionette	INFO	Ceased listening
0.0.1:54753
1499088951544	geckodriver::marionette	INFO	Starting browser C:\Program Files (x86)\Mozilla Firefox\firefox.exe with args ["-marionette"]
1499088953560	Marionette	INFO	Listening on port 54763
1499088953647	Marionette	WARN	TLS certificate errors will be ignored for this session
JavaScript error: resource://gre/modules/LoginManagerParent.jsm, line 104: TypeError: this._recipeManager is null
console.warn: nsLoginManager: searchLogins: `formSubmitURL` or `httpRealm` is recommended
console.error: 
  Message: TypeError: this.nodeHierarchy[this.currentIndex] is undefined
  Stack:
    scroll@resource://gre/modules/commonjs/toolkit/loader.js -> resource://devtools/client/inspector/breadcrumbs.js:764:11
update/<@resource://gre/modules/commonjs/toolkit/loader.js -> resource://devtools/client/inspector/breadcrumbs.js:910:9
setTimeout_timer@resource://gre/modules/Timer.jsm:30:5

console.error: 
  Message: TypeError: this.nodeHierarchy[this.currentIndex] is undefined
  Stack:
    scroll@resource://gre/modules/commonjs/toolkit/loader.js -> resource://devtools/client/inspector/breadcrumbs.js:764:11
update/<@resource://gre/modules/commonjs/toolkit/loader.js -> resource://devtools/client/inspector/breadcrumbs.js:910:9
setTimeout_timer@resource://gre/modules/Timer.jsm:30:5

console.error: 
  Message: TypeError: this.nodeHierarchy[this.currentIndex] is undefined
  Stack:
    scroll@resource://gre/modules/commonjs/toolkit/loader.js -> resource://devtools/client/inspector/breadcrumbs.js:764:11
update/<@resource://gre/modules/commonjs/toolkit/loader.js -> resource://devtools/client/inspector/breadcrumbs.js:910:9
setTimeout_timer@resource://gre/modules/Timer.jsm:30:5

JavaScript warning: resource://gre/modules/commonjs/toolkit/loader.js -> resource://devtools/client/shared/demangle.js, line 0: Successfully compiled asm.js code (total compilation time 77ms; unable to cache asm.js in synchronous scripts; try loading asm.js via <script async> or createElement('script'))
console.error: 
  Protocol error (noSuchActor): No such actor for ID: server1.conn0.child1/memoryActor12
1499089363571	Marionette	INFO	Ceased listening
fox\firefox.exe with args ["-marionette"]
1499089297958	Marionette	INFO	Listening on port 55240
1499089298953	Marionette	WARN	TLS certificate errors will be ignored for this session
1499089364311	addons.productaddons	WARN	Failed downloading XML, status: 0, reason: error
1499089364489	Marionette	INFO	Ceased listening
1499089367709	geckodriver	INFO	Listening on 127.0.0.1:55341
1499089369760	geckodriver::marionette	INFO	Starting browser C:\Program Files (x86)\Mozilla Firefox\firefox.exe with args ["-marionette"]
1499089371859	Marionette	INFO	Listening on port 55347
1499089372896	Marionette	WARN	TLS certificate errors will be ignored for this session
1499089451602	addons.productaddons	WARN	Failed downloading XML, status: 0, reason: timeout
1499089567286	Marionette	INFO	Ceased listening
1499089577917	geckodriver	INFO	Listening on 127.0.0.1:55699
1499089579973	geckodriver::marionette	INFO	Starting browser C:\Program Files (x86)\Mozilla Firefox\firefox.exe with args ["-marionette"]
1499089581950	Marionette	INFO	Listening on port 55706
1499089582039	Marionette	WARN	TLS certificate errors will be ignored for this session
1499089661448	addons.productaddons	WARN	Failed downloading via XHR, status: 0, reason: error
1499089668116	addons.productaddons	WARN	Failed downloading via XHR, status: 0, reason: error
1499089668256	Marionette	INFO	Ceased listening
 on port 55794
1499089647352	Marionette	WARN	TLS certificate errors will be ignored for this session
1499089667551	Marionette	INFO	Ceased listening
1499089679262	geckodriver	INFO	Listening on 127.0.0.1:55934
1499089681296	geckodriver::marionette	INFO	Starting browser C:\Program Files (x86)\Mozilla Firefox\firefox.exe with args ["-marionette"]
1499089683487	Marionette	INFO	Listening on port 55941
1499089684429	Marionette	WARN	TLS certificate errors will be ignored for this session
*************************
A coding exception was thrown and uncaught in a Task.

Full message: TypeError: NetworkError when attempting to fetch resource.
Full stack: 
*************************
1499091549822	Marionette	INFO	Ceased listening
044
1499089738990	Marionette	WARN	TLS certificate errors will be ignored for this session
*************************
A coding exception was thrown and uncaught in a Task.

Full message: TypeError: NetworkError when attempting to fetch resource.
Full stack: 
*************************
1499091549844	Marionette	INFO	Ceased listening
251
1499089886267	Marionette	WARN	TLS certificate errors will be ignored for this session
*************************
A coding exception was thrown and uncaught in a Task.

Full message: TypeError: NetworkError when attempting to fetch resource.
Full stack: 
*************************
JavaScript error: http://61.164.40.59:8888//hroa/com/travel/apply/input.htm, line 77: ReferenceError: $ is not defined
1499091549980	Marionette	INFO	Ceased listening
 coding exception was thrown and uncaught in a Task.

Full message: TypeError: NetworkError when attempting to fetch resource.
Full stack: 
*************************
1499091549475	Marionette	INFO	Ceased listening
441
1499089993287	Marionette	WARN	TLS certificate errors will be ignored for this session
1499091137630	geckodriver	INFO	Listening on 127.0.0.1:57557
1499091139648	geckodriver::marionette	INFO	Starting browser C:\Program Files (x86)\Mozilla Firefox\firefox.exe with args ["-marionette"]
1499091141712	Marionette	INFO	Listening on port 57571
1499091142941	Marionette	WARN	TLS certificate errors will be ignored for this session
1499091232912	addons.productaddons	WARN	Failed downloading via XHR, status: 0, reason: error
1499091549835	Marionette	INFO	Ceased listening
\Mozilla Firefox\firefox.exe with args ["-marionette"]
1499091218516	Marionette	INFO	Listening on port 57753
1499091219564	Marionette	WARN	TLS certificate errors will be ignored for this session
1499091549517	Marionette	INFO	Ceased listening
0.0.1:57852
1499091280238	geckodriver::marionette	INFO	Starting browser C:\Program Files (x86)\Mozilla Firefox\firefox.exe with args ["-marionette"]
1499091282571	Marionette	INFO	Listening on port 57865
1499091283370	Marionette	WARN	TLS certificate errors will be ignored for this session
1499091549661	Marionette	INFO	Ceased listening
0.0.1:58031
1499091376487	geckodriver::marionette	INFO	Starting browser C:\Program Files (x86)\Mozilla Firefox\firefox.exe with args ["-marionette"]
1499091379139	Marionette	INFO	Listening on port 58040
1499091379906	Marionette	WARN	TLS certificate errors will be ignored for this session
1499091549666	Marionette	INFO	Ceased listening
1499091585283	geckodriver	INFO	Listening on 127.0.0.1:58263
1499091587330	geckodriver::marionette	INFO	Starting browser C:\Program Files (x86)\Mozilla Firefox\firefox.exe with args ["-marionette"]
1499091589295	Marionette	INFO	Listening on port 58271
1499091589393	Marionette	WARN	TLS certificate errors will be ignored for this session
1499091604528	Marionette	INFO	Ceased listening
1499091608251	geckodriver	INFO	Listening on 127.0.0.1:58333
1499091610315	geckodriver::marionette	INFO	Starting browser C:\Program Files (x86)\Mozilla Firefox\firefox.exe with args ["-marionette"]
1499091612266	Marionette	INFO	Listening on port 58340
1499091612376	Marionette	WARN	TLS certificate errors will be ignored for this session
1499091639565	geckodriver	INFO	Listening on 127.0.0.1:58428
1499091641618	geckodriver::marionette	INFO	Starting browser C:\Program Files (x86)\Mozilla Firefox\firefox.exe with args ["-marionette"]
1499091643552	Marionette	INFO	Listening on port 58439
1499091643671	Marionette	WARN	TLS certificate errors will be ignored for this session
1499091666439	geckodriver	INFO	Listening on 127.0.0.1:58501
1499091668480	geckodriver::marionette	INFO	Starting browser C:\Program Files (x86)\Mozilla Firefox\firefox.exe with args ["-marionette"]
1499091670394	Marionette	INFO	Listening on port 58507
1499091670530	Marionette	WARN	TLS certificate errors will be ignored for this session
1499091953367	geckodriver	INFO	Listening on 127.0.0.1:58922
1499091955425	geckodriver::marionette	INFO	Starting browser C:\Program Files (x86)\Mozilla Firefox\firefox.exe with args ["-marionette"]
1499091957358	Marionette	INFO	Listening on port 58931
1499091957474	Marionette	WARN	TLS certificate errors will be ignored for this session
1499091969407	Marionette	INFO	Ceased listening
1499091972088	geckodriver	INFO	Listening on 127.0.0.1:59045
1499091974121	geckodriver::marionette	INFO	Starting browser C:\Program Files (x86)\Mozilla Firefox\firefox.exe with args ["-marionette"]
1499091976030	Marionette	INFO	Listening on port 59058
1499091976156	Marionette	WARN	TLS certificate errors will be ignored for this session
*************************
A coding exception was thrown and uncaught in a Task.

Full message: TypeError: NetworkError when attempting to fetch resource.
Full stack: 
*************************
1499092982058	Marionette	INFO	Ceased listening
153
1499092035386	Marionette	WARN	TLS certificate errors will be ignored for this session
*************************
A coding exception was thrown and uncaught in a Task.

Full message: TypeError: NetworkError when attempting to fetch resource.
Full stack: 
*************************
1499092982829	Marionette	INFO	Ceased listening
543
1499092210916	Marionette	WARN	TLS certificate errors will be ignored for this session
*************************
A coding exception was thrown and uncaught in a Task.

Full message: TypeError: NetworkError when attempting to fetch resource.
Full stack: 
*************************
1499092983696	Marionette	INFO	Ceased listening
613
1499092250962	Marionette	WARN	TLS certificate errors will be ignored for this session
*************************
A coding exception was thrown and uncaught in a Task.

Full message: TypeError: NetworkError when attempting to fetch resource.
Full stack: 
*************************
1499092984571	Marionette	INFO	Ceased listening
705
1499092284646	Marionette	WARN	TLS certificate errors will be ignored for this session
*************************
A coding exception was thrown and uncaught in a Task.

Full message: TypeError: NetworkError when attempting to fetch resource.
Full stack: 
*************************
1499092985275	Marionette	INFO	Ceased listening
803
1499092333308	Marionette	WARN	TLS certificate errors will be ignored for this session
*************************
A coding exception was thrown and uncaught in a Task.

Full message: TypeError: NetworkError when attempting to fetch resource.
Full stack: 
*************************
1499092987659	Marionette	INFO	Ceased listening
043
1499092460395	Marionette	WARN	TLS certificate errors will be ignored for this session
1499092987625	Marionette	INFO	Ceased listening
0.0.1:60142
1499092510290	geckodriver::marionette	INFO	Starting browser C:\Program Files (x86)\Mozilla Firefox\firefox.exe with args ["-marionette"]
1499092512430	Marionette	INFO	Listening on port 60150
1499092513431	Marionette	WARN	TLS certificate errors will be ignored for this session
1499092987803	Marionette	INFO	Ceased listening
0.0.1:60244
1499092559520	geckodriver::marionette	INFO	Starting browser C:\Program Files (x86)\Mozilla Firefox\firefox.exe with args ["-marionette"]
1499092561602	Marionette	INFO	Listening on port 60254
1499092562691	Marionette	WARN	TLS certificate errors will be ignored for this session
1499092987683	Marionette	INFO	Ceased listening
0.0.1:60791
1499092958995	geckodriver::marionette	INFO	Starting browser C:\Program Files (x86)\Mozilla Firefox\firefox.exe with args ["-marionette"]
1499092961310	Marionette	INFO	Listening on port 60798
1499092962139	Marionette	WARN	TLS certificate errors will be ignored for this session
1499092987885	Marionette	INFO	Ceased listening
1499092989622	geckodriver	INFO	Listening on 127.0.0.1:60833
1499092991653	geckodriver::marionette	INFO	Starting browser C:\Program Files (x86)\Mozilla Firefox\firefox.exe with args ["-marionette"]
1499092993729	Marionette	INFO	Listening on port 60840
1499092994791	Marionette	WARN	TLS certificate errors will be ignored for this session
1499093025356	geckodriver	INFO	Listening on 127.0.0.1:60907
1499093027397	geckodriver::marionette	INFO	Starting browser C:\Program Files (x86)\Mozilla Firefox\firefox.exe with args ["-marionette"]
1499093029491	Marionette	INFO	Listening on port 60915
1499093030538	Marionette	WARN	TLS certificate errors will be ignored for this session
1499093057142	Marionette	INFO	Ceased listening
1499093059276	geckodriver	INFO	Listening on 127.0.0.1:60958
1499093061313	geckodriver::marionette	INFO	Starting browser C:\Program Files (x86)\Mozilla Firefox\firefox.exe with args ["-marionette"]
1499093063464	Marionette	INFO	Listening on port 60965
1499093064466	Marionette	WARN	TLS certificate errors will be ignored for this session
1499093075286	Marionette	INFO	Ceased listening
1499093077396	geckodriver	INFO	Listening on 127.0.0.1:61017
1499093079446	geckodriver::marionette	INFO	Starting browser C:\Program Files (x86)\Mozilla Firefox\firefox.exe with args ["-marionette"]
1499093081418	Marionette	INFO	Listening on port 61023
1499093081515	Marionette	WARN	TLS certificate errors will be ignored for this session
1499093112482	Marionette	INFO	Ceased listening
1499093120437	geckodriver	INFO	Listening on 127.0.0.1:61115
1499093122484	geckodriver::marionette	INFO	Starting browser C:\Program Files (x86)\Mozilla Firefox\firefox.exe with args ["-marionette"]
1499093124681	Marionette	INFO	Listening on port 61126
1499093125620	Marionette	WARN	TLS certificate errors will be ignored for this session
*************************
A coding exception was thrown and uncaught in a Task.

Full message: TypeError: NetworkError when attempting to fetch resource.
Full stack: 
*************************
1499094126823	Marionette	INFO	Ceased listening
0.0.1:50829
1499093833108	geckodriver::marionette	INFO	Starting browser C:\Program Files (x86)\Mozilla Firefox\firefox.exe with args ["-marionette"]
1499093835032	Marionette	INFO	Listening on port 50839
1499093835177	Marionette	WARN	TLS certificate errors will be ignored for this session
1499094077066	addons.productaddons	WARN	Failed downloading via XHR, status: 0, reason: error
1499094126410	addons.productaddons	WARN	Failed downloading via XHR, status: 0, reason: error
1499094126600	Marionette	INFO	Ceased listening
 on port 50920
1499093856640	Marionette	WARN	TLS certificate errors will be ignored for this session
1499094065418	geckodriver	INFO	Listening on 127.0.0.1:51120
1499094067452	geckodriver::marionette	INFO	Starting browser C:\Program Files (x86)\Mozilla Firefox\firefox.exe with args ["-marionette"]
1499094069360	Marionette	INFO	Listening on port 51126
1499094069580	Marionette	WARN	TLS certificate errors will be ignored for this session
1499094075362	geckodriver	INFO	Listening on 127.0.0.1:51160
1499094077419	geckodriver::marionette	INFO	Starting browser C:\Program Files (x86)\Mozilla Firefox\firefox.exe with args ["-marionette"]
1499094079484	Marionette	INFO	Listening on port 51176
1499094080573	Marionette	WARN	TLS certificate errors will be ignored for this session
1499094102461	geckodriver	INFO	Listening on 127.0.0.1:51220
1499094104503	geckodriver::marionette	INFO	Starting browser C:\Program Files (x86)\Mozilla Firefox\firefox.exe with args ["-marionette"]
1499094106391	Marionette	INFO	Listening on port 51230
1499094106544	Marionette	WARN	TLS certificate errors will be ignored for this session
1499094124272	Marionette	INFO	Ceased listening
1499094129374	geckodriver	INFO	Listening on 127.0.0.1:51274
1499094131428	geckodriver::marionette	INFO	Starting browser C:\Program Files (x86)\Mozilla Firefox\firefox.exe with args ["-marionette"]
1499094133433	Marionette	INFO	Listening on port 51283
1499094133534	Marionette	WARN	TLS certificate errors will be ignored for this session
1499094151855	Marionette	INFO	Ceased listening
1499094162427	geckodriver	INFO	Listening on 127.0.0.1:51335
1499094164481	geckodriver::marionette	INFO	Starting browser C:\Program Files (x86)\Mozilla Firefox\firefox.exe with args ["-marionette"]
1499094166377	Marionette	INFO	Listening on port 51341
1499094166529	Marionette	WARN	TLS certificate errors will be ignored for this session
1499094337018	Marionette	INFO	Ceased listening
0.0.1:51456
1499094268915	geckodriver::marionette	INFO	Starting browser C:\Program Files (x86)\Mozilla Firefox\firefox.exe with args ["-marionette"]
1499094270931	Marionette	INFO	Listening on port 51462
1499094271034	Marionette	WARN	TLS certificate errors will be ignored for this session
1499094280214	Marionette	INFO	Ceased listening
1499094281587	geckodriver	INFO	Listening on 127.0.0.1:51499
1499094283627	geckodriver::marionette	INFO	Starting browser C:\Program Files (x86)\Mozilla Firefox\firefox.exe with args ["-marionette"]
1499094285472	Marionette	INFO	Listening on port 51505
1499094285699	Marionette	WARN	TLS certificate errors will be ignored for this session
1499094333921	Marionette	INFO	Ceased listening
0.0.1:51543
1499094297987	geckodriver::marionette	INFO	Starting browser C:\Program Files (x86)\Mozilla Firefox\firefox.exe with args ["-marionette"]
1499094299851	Marionette	INFO	Listening on port 51549
1499094300070	Marionette	WARN	TLS certificate errors will be ignored for this session
1499094340247	geckodriver	INFO	Listening on 127.0.0.1:51648
1499094342312	geckodriver::marionette	INFO	Starting browser C:\Program Files (x86)\Mozilla Firefox\firefox.exe with args ["-marionette"]
1499094344211	Marionette	INFO	Listening on port 51657
1499094344350	Marionette	WARN	TLS certificate errors will be ignored for this session
1499094350437	Marionette	INFO	Ceased listening
1499094354477	geckodriver	INFO	Listening on 127.0.0.1:51698
1499094356529	geckodriver::marionette	INFO	Starting browser C:\Program Files (x86)\Mozilla Firefox\firefox.exe with args ["-marionette"]
1499094358382	Marionette	INFO	Listening on port 51708
1499094358600	Marionette	WARN	TLS certificate errors will be ignored for this session
